<?xml version="1.0" encoding="UTF-8"?>
<!-- Generated by org.testng.reporters.JUnitReportReporter -->
<testsuite hostname="Justin-HP" failures="0" tests="3" name="com.herokuapp.theinternet.uploadtests.UploadTests" time="19.573" errors="0" timestamp="17 lip 2023 11:41:35 GMT" skipped="0">
  <testcase classname="com.herokuapp.theinternet.uploadtests.UploadTests" name="fileUploadTest" time="6.711"/>
  <testcase classname="com.herokuapp.theinternet.uploadtests.UploadTests" name="fileUploadTest" time="6.540"/>
  <testcase classname="com.herokuapp.theinternet.uploadtests.UploadTests" name="fileUploadTest" time="6.322"/>
</testsuite> <!-- com.herokuapp.theinternet.uploadtests.UploadTests -->
